<?xml version="1.0" encoding="UTF-8"?>
<testng-results ignored="0" total="10" passed="10" failed="0" skipped="0">
  <reporter-output>
  </reporter-output>
  <suite started-at="2022-11-18T18:12:39 IST" name="Default suite" finished-at="2022-11-18T18:14:06 IST" duration-ms="86658">
    <groups>
      <group name="select_person">
        <method signature="Adactin_RunBase_Pom_TDD.person(java.lang.String,java.lang.String)[pri:3, instance:com.PomBaseWithRunner.Adactin_RunBase_Pom_TDD@1fb669c3]" name="person" class="com.PomBaseWithRunner.Adactin_RunBase_Pom_TDD"/>
      </group> <!-- select_person -->
      <group name="cc_details">
        <method signature="Adactin_RunBase_Pom_TDD.creditcard_Details(java.lang.String,java.lang.String)[pri:6, instance:com.PomBaseWithRunner.Adactin_RunBase_Pom_TDD@1fb669c3]" name="creditcard_Details" class="com.PomBaseWithRunner.Adactin_RunBase_Pom_TDD"/>
      </group> <!-- cc_details -->
      <group name="user_details">
        <method signature="Adactin_RunBase_Pom_TDD.user_Personal_Details(java.lang.String,java.lang.String,java.lang.String)[pri:5, instance:com.PomBaseWithRunner.Adactin_RunBase_Pom_TDD@1fb669c3]" name="user_Personal_Details" class="com.PomBaseWithRunner.Adactin_RunBase_Pom_TDD"/>
      </group> <!-- user_details -->
      <group name="date_book">
        <method signature="Adactin_RunBase_Pom_TDD.date(java.lang.String,java.lang.String)[pri:2, instance:com.PomBaseWithRunner.Adactin_RunBase_Pom_TDD@1fb669c3]" name="date" class="com.PomBaseWithRunner.Adactin_RunBase_Pom_TDD"/>
      </group> <!-- date_book -->
      <group name="booking_page">
        <method signature="Adactin_RunBase_Pom_TDD.itinerary_Page()[pri:8, instance:com.PomBaseWithRunner.Adactin_RunBase_Pom_TDD@1fb669c3]" name="itinerary_Page" class="com.PomBaseWithRunner.Adactin_RunBase_Pom_TDD"/>
      </group> <!-- booking_page -->
      <group name="hotel_select">
        <method signature="Adactin_RunBase_Pom_TDD.update_Hotel()[pri:4, instance:com.PomBaseWithRunner.Adactin_RunBase_Pom_TDD@1fb669c3]" name="update_Hotel" class="com.PomBaseWithRunner.Adactin_RunBase_Pom_TDD"/>
      </group> <!-- hotel_select -->
      <group name="room_booking">
        <method signature="Adactin_RunBase_Pom_TDD.select_Room(java.lang.String,java.lang.String,java.lang.String,java.lang.String)[pri:1, instance:com.PomBaseWithRunner.Adactin_RunBase_Pom_TDD@1fb669c3]" name="select_Room" class="com.PomBaseWithRunner.Adactin_RunBase_Pom_TDD"/>
      </group> <!-- room_booking -->
      <group name="cc_date">
        <method signature="Adactin_RunBase_Pom_TDD.creditcard_date(java.lang.String,java.lang.String,java.lang.String)[pri:7, instance:com.PomBaseWithRunner.Adactin_RunBase_Pom_TDD@1fb669c3]" name="creditcard_date" class="com.PomBaseWithRunner.Adactin_RunBase_Pom_TDD"/>
      </group> <!-- cc_date -->
    </groups>
    <test started-at="2022-11-18T18:12:39 IST" name="Default test" finished-at="2022-11-18T18:14:06 IST" duration-ms="86658">
      <class name="com.PomBaseWithRunner.Adactin_RunBase_Pom_TDD">
        <test-method is-config="true" signature="browser_Launch()[pri:0, instance:com.PomBaseWithRunner.Adactin_RunBase_Pom_TDD@1fb669c3]" started-at="2022-11-18T18:12:39 IST" name="browser_Launch" finished-at="2022-11-18T18:12:52 IST" duration-ms="12321" status="PASS">
          <reporter-output>
          </reporter-output>
        </test-method> <!-- browser_Launch -->
        <test-method signature="launch_Url()[pri:-2, instance:com.PomBaseWithRunner.Adactin_RunBase_Pom_TDD@1fb669c3]" started-at="2022-11-18T18:12:52 IST" name="launch_Url" description="Homepage" finished-at="2022-11-18T18:13:09 IST" duration-ms="16855" status="PASS">
          <reporter-output>
          </reporter-output>
        </test-method> <!-- launch_Url -->
        <test-method signature="user_Credentials(java.lang.String,java.lang.String)[pri:0, instance:com.PomBaseWithRunner.Adactin_RunBase_Pom_TDD@1fb669c3]" started-at="2022-11-18T18:13:09 IST" name="user_Credentials" data-provider="user_credentials" finished-at="2022-11-18T18:13:21 IST" depends-on-methods="com.PomBaseWithRunner.Adactin_RunBase_Pom_TDD.launch_Url" duration-ms="11948" status="PASS">
          <params>
            <param index="0">
              <value>
                <![CDATA[maari1995]]>
              </value>
            </param>
            <param index="1">
              <value>
                <![CDATA[Guna@2221]]>
              </value>
            </param>
          </params>
          <reporter-output>
          </reporter-output>
        </test-method> <!-- user_Credentials -->
        <test-method signature="select_Room(java.lang.String,java.lang.String,java.lang.String,java.lang.String)[pri:1, instance:com.PomBaseWithRunner.Adactin_RunBase_Pom_TDD@1fb669c3]" started-at="2022-11-18T18:13:21 IST" name="select_Room" data-provider="roombooking" finished-at="2022-11-18T18:13:23 IST" duration-ms="1088" status="PASS">
          <params>
            <param index="0">
              <value>
                <![CDATA[Melbourne]]>
              </value>
            </param>
            <param index="1">
              <value>
                <![CDATA[Hotel Sunshine]]>
              </value>
            </param>
            <param index="2">
              <value>
                <![CDATA[Deluxe]]>
              </value>
            </param>
            <param index="3">
              <value>
                <![CDATA[1]]>
              </value>
            </param>
          </params>
          <reporter-output>
          </reporter-output>
        </test-method> <!-- select_Room -->
        <test-method signature="date(java.lang.String,java.lang.String)[pri:2, instance:com.PomBaseWithRunner.Adactin_RunBase_Pom_TDD@1fb669c3]" started-at="2022-11-18T18:13:23 IST" name="date" data-provider="date" finished-at="2022-11-18T18:13:23 IST" duration-ms="764" status="PASS">
          <params>
            <param index="0">
              <value>
                <![CDATA[24/11/2022]]>
              </value>
            </param>
            <param index="1">
              <value>
                <![CDATA[25/11/2022]]>
              </value>
            </param>
          </params>
          <reporter-output>
          </reporter-output>
        </test-method> <!-- date -->
        <test-method signature="person(java.lang.String,java.lang.String)[pri:3, instance:com.PomBaseWithRunner.Adactin_RunBase_Pom_TDD@1fb669c3]" started-at="2022-11-18T18:13:23 IST" name="person" data-provider="person" finished-at="2022-11-18T18:13:32 IST" duration-ms="8289" status="PASS">
          <params>
            <param index="0">
              <value>
                <![CDATA[2]]>
              </value>
            </param>
            <param index="1">
              <value>
                <![CDATA[2 - Two]]>
              </value>
            </param>
          </params>
          <reporter-output>
          </reporter-output>
        </test-method> <!-- person -->
        <test-method signature="update_Hotel()[pri:4, instance:com.PomBaseWithRunner.Adactin_RunBase_Pom_TDD@1fb669c3]" started-at="2022-11-18T18:13:32 IST" name="update_Hotel" finished-at="2022-11-18T18:13:38 IST" duration-ms="6570" status="PASS">
          <reporter-output>
          </reporter-output>
        </test-method> <!-- update_Hotel -->
        <test-method signature="user_Personal_Details(java.lang.String,java.lang.String,java.lang.String)[pri:5, instance:com.PomBaseWithRunner.Adactin_RunBase_Pom_TDD@1fb669c3]" started-at="2022-11-18T18:13:38 IST" name="user_Personal_Details" data-provider="userdetails" finished-at="2022-11-18T18:13:39 IST" duration-ms="967" status="PASS">
          <params>
            <param index="0">
              <value>
                <![CDATA[logan]]>
              </value>
            </param>
            <param index="1">
              <value>
                <![CDATA[x]]>
              </value>
            </param>
            <param index="2">
              <value>
                <![CDATA[no 5 ,vivekanandar street ,dubai main road ,dubai]]>
              </value>
            </param>
          </params>
          <reporter-output>
          </reporter-output>
        </test-method> <!-- user_Personal_Details -->
        <test-method signature="creditcard_Details(java.lang.String,java.lang.String)[pri:6, instance:com.PomBaseWithRunner.Adactin_RunBase_Pom_TDD@1fb669c3]" started-at="2022-11-18T18:13:39 IST" name="creditcard_Details" data-provider="ccdetails" finished-at="2022-11-18T18:13:40 IST" duration-ms="531" status="PASS">
          <params>
            <param index="0">
              <value>
                <![CDATA[1234567891011121]]>
              </value>
            </param>
            <param index="1">
              <value>
                <![CDATA[American Express]]>
              </value>
            </param>
          </params>
          <reporter-output>
          </reporter-output>
        </test-method> <!-- creditcard_Details -->
        <test-method signature="creditcard_date(java.lang.String,java.lang.String,java.lang.String)[pri:7, instance:com.PomBaseWithRunner.Adactin_RunBase_Pom_TDD@1fb669c3]" started-at="2022-11-18T18:13:40 IST" name="creditcard_date" data-provider="ccdate" finished-at="2022-11-18T18:13:46 IST" duration-ms="5799" status="PASS">
          <params>
            <param index="0">
              <value>
                <![CDATA[12]]>
              </value>
            </param>
            <param index="1">
              <value>
                <![CDATA[2022]]>
              </value>
            </param>
            <param index="2">
              <value>
                <![CDATA[123]]>
              </value>
            </param>
          </params>
          <reporter-output>
          </reporter-output>
        </test-method> <!-- creditcard_date -->
        <test-method signature="itinerary_Page()[pri:8, instance:com.PomBaseWithRunner.Adactin_RunBase_Pom_TDD@1fb669c3]" started-at="2022-11-18T18:13:46 IST" name="itinerary_Page" finished-at="2022-11-18T18:14:05 IST" duration-ms="19378" status="PASS">
          <reporter-output>
          </reporter-output>
        </test-method> <!-- itinerary_Page -->
        <test-method is-config="true" signature="logout()[pri:0, instance:com.PomBaseWithRunner.Adactin_RunBase_Pom_TDD@1fb669c3]" started-at="2022-11-18T18:14:05 IST" name="logout" finished-at="2022-11-18T18:14:06 IST" duration-ms="904" status="PASS">
          <reporter-output>
          </reporter-output>
        </test-method> <!-- logout -->
      </class> <!-- com.PomBaseWithRunner.Adactin_RunBase_Pom_TDD -->
    </test> <!-- Default test -->
  </suite> <!-- Default suite -->
</testng-results>
