<?xml version="1.0" encoding="UTF-8"?>
<!-- Generated by org.testng.reporters.JUnitXMLReporter -->
<testsuite ignored="0" hostname="DESKTOP-B719KQA" failures="0" tests="10" name="Default test" time="86.658" errors="0" timestamp="2022-11-18T18:14:06 IST">
  <testcase classname="com.PomBaseWithRunner.Adactin_RunBase_Pom_TDD" name="launch_Url" time="16.855"/>
  <testcase classname="com.PomBaseWithRunner.Adactin_RunBase_Pom_TDD" name="user_Credentials" time="11.948"/>
  <testcase classname="com.PomBaseWithRunner.Adactin_RunBase_Pom_TDD" name="select_Room" time="1.088"/>
  <testcase classname="com.PomBaseWithRunner.Adactin_RunBase_Pom_TDD" name="date" time="0.764"/>
  <testcase classname="com.PomBaseWithRunner.Adactin_RunBase_Pom_TDD" name="person" time="8.289"/>
  <testcase classname="com.PomBaseWithRunner.Adactin_RunBase_Pom_TDD" name="update_Hotel" time="6.57"/>
  <testcase classname="com.PomBaseWithRunner.Adactin_RunBase_Pom_TDD" name="user_Personal_Details" time="0.967"/>
  <testcase classname="com.PomBaseWithRunner.Adactin_RunBase_Pom_TDD" name="creditcard_Details" time="0.531"/>
  <testcase classname="com.PomBaseWithRunner.Adactin_RunBase_Pom_TDD" name="creditcard_date" time="5.799"/>
  <testcase classname="com.PomBaseWithRunner.Adactin_RunBase_Pom_TDD" name="itinerary_Page" time="19.378"/>
</testsuite> <!-- Default test -->
