<?xml version="1.0" encoding="UTF-8"?>
<!-- Generated by org.testng.reporters.JUnitXMLReporter -->
<testsuite ignored="3" hostname="DESKTOP-B719KQA" failures="0" tests="2" name="Test" time="4.447" errors="0" timestamp="2022-11-18T13:11:36 IST">
  <testcase classname="com.testng.Groups_Demo" name="launchUrl" time="3.99"/>
  <testcase classname="com.testng.Groups_Demo" name="maximize" time="0.221"/>
  <testcase classname="com.testng.Groups_Demo" name="password" time="0.0">
    <ignored/>
  </testcase> <!-- password -->
  <testcase classname="com.testng.Groups_Demo" name="login" time="0.0">
    <ignored/>
  </testcase> <!-- login -->
  <testcase classname="com.testng.Groups_Demo" name="username" time="0.0">
    <ignored/>
  </testcase> <!-- username -->
</testsuite> <!-- Test -->
